<?xml version="1.0" encoding="UTF-8"?>
<!-- Generated by org.testng.reporters.JUnitReportReporter -->
<testsuite skipped="0" hostname="LaptopB" name="testRunner.Runner" tests="2" failures="0" timestamp="2022-01-30T13:41:20 CET" time="22.936" errors="0">
  <testcase name="feature" time="6.750" classname="testRunner.Runner"/>
  <system-out/>
  <testcase name="feature" time="16.186" classname="testRunner.Runner"/>
  <system-out/>
</testsuite> <!-- testRunner.Runner -->
