<?xml version="1.0" encoding="UTF-8"?>
<!-- Generated by org.testng.reporters.JUnitReportReporter -->
<testsuite skipped="0" hostname="LaptopB" name="testcases.TC005_GoToCareersPageAndCheckOpeningsForTestAutomationEngineerinStockholm" tests="1" failures="0" timestamp="2022-01-30T13:41:20 CET" time="7.265" errors="0">
  <testcase name="login" time="7.265" classname="testcases.TC005_GoToCareersPageAndCheckOpeningsForTestAutomationEngineerinStockholm"/>
  <system-out/>
</testsuite> <!-- testcases.TC005_GoToCareersPageAndCheckOpeningsForTestAutomationEngineerinStockholm -->
