<?xml version="1.0" encoding="UTF-8"?>
<!-- Generated by org.testng.reporters.JUnitReportReporter -->
<testsuite skipped="1" hostname="LaptopB" name="testcases.Runner.Runner" tests="1" failures="0" timestamp="2022-01-29T19:37:01 CET" time="0.000" errors="0">
  <testcase name="feature" time="0.000" classname="testcases.Runner.Runner">
    <skipped/>
  </testcase> <!-- feature -->
  <system-out/>
</testsuite> <!-- testcases.Runner.Runner -->
