<?xml version="1.0" encoding="UTF-8"?>
<!-- Generated by org.testng.reporters.JUnitReportReporter -->
<testsuite skipped="0" hostname="LaptopB" name="testcases.TC001_LoginWithValidCredentials" tests="1" failures="0" timestamp="2022-01-30T13:41:20 CET" time="19.770" errors="0">
  <testcase name="login" time="19.770" classname="testcases.TC001_LoginWithValidCredentials"/>
  <system-out/>
</testsuite> <!-- testcases.TC001_LoginWithValidCredentials -->
