<?xml version="1.0" encoding="UTF-8"?>
<!-- Generated by org.testng.reporters.JUnitReportReporter -->
<testsuite skipped="0" hostname="LaptopB" name="testcases.TC004_LoginWithInIncorrectMailFormat" tests="1" failures="0" timestamp="2022-01-30T13:41:20 CET" time="17.295" errors="0">
  <testcase name="login" time="17.295" classname="testcases.TC004_LoginWithInIncorrectMailFormat"/>
  <system-out/>
</testsuite> <!-- testcases.TC004_LoginWithInIncorrectMailFormat -->
