<?xml version="1.0" encoding="UTF-8"?>
<!-- Generated by org.testng.reporters.JUnitReportReporter -->
<testsuite skipped="0" hostname="LaptopB" name="testcases.TC003_LoginWithInEmptyMailAndPassword" tests="1" failures="0" timestamp="2022-01-30T13:41:20 CET" time="18.267" errors="0">
  <testcase name="login" time="18.267" classname="testcases.TC003_LoginWithInEmptyMailAndPassword"/>
  <system-out/>
</testsuite> <!-- testcases.TC003_LoginWithInEmptyMailAndPassword -->
