<?xml version="1.0" encoding="UTF-8"?>
<!-- Generated by org.testng.reporters.JUnitReportReporter -->
<testsuite skipped="0" hostname="LaptopB" name="testcases.TC002_LoginWithInValidCredentials" tests="1" failures="0" timestamp="2022-01-30T13:41:20 CET" time="18.631" errors="0">
  <testcase name="login" time="18.631" classname="testcases.TC002_LoginWithInValidCredentials"/>
  <system-out/>
</testsuite> <!-- testcases.TC002_LoginWithInValidCredentials -->
