<?xml version="1.0" encoding="UTF-8"?>
<!-- Generated by org.testng.reporters.JUnitReportReporter -->
<testsuite skipped="0" hostname="LaptopB" name="testcases_Runner.Runner" tests="1" failures="0" timestamp="2022-01-29T20:10:24 CET" time="0.023" errors="0">
  <testcase name="feature" time="0.023" classname="testcases_Runner.Runner"/>
  <system-out/>
</testsuite> <!-- testcases_Runner.Runner -->
