<?xml version="1.0" encoding="UTF-8"?>
<!-- Generated by org.testng.reporters.JUnitReportReporter -->
<testsuite skipped="0" hostname="LaptopB" name="testcases.LogintoMitigram" tests="1" failures="0" timestamp="2022-01-29T15:05:47 CET" time="12.966" errors="0">
  <testcase name="login" time="12.966" classname="testcases.LogintoMitigram"/>
  <system-out/>
</testsuite> <!-- testcases.LogintoMitigram -->
